0 info it worked if it ends with ok
1 verbose cli [ 'C:\\Program Files\\nodejs\\node.exe',
1 verbose cli   'C:\\Program Files\\nodejs\\node_modules\\npm\\bin\\npm-cli.js',
1 verbose cli   'install',
1 verbose cli   'node' ]
2 info using npm@2.7.4
3 info using node@v0.12.2
4 silly cache add args [ 'node', null ]
5 verbose cache add spec node
6 silly cache add parsed spec { raw: 'node',
6 silly cache add   scope: null,
6 silly cache add   name: 'node',
6 silly cache add   rawSpec: '',
6 silly cache add   spec: '*',
6 silly cache add   type: 'range' }
7 verbose addNamed node@*
8 silly addNamed semver.valid null
9 silly addNamed semver.validRange *
10 silly addNameRange { name: 'node', range: '*', hasData: false }
11 silly mapToRegistry name node
12 silly mapToRegistry using default registry
13 silly mapToRegistry registry https://registry.npmjs.org/
14 silly mapToRegistry uri https://registry.npmjs.org/node
15 verbose addNameRange registry:https://registry.npmjs.org/node not in flight; fetching
16 verbose request uri https://registry.npmjs.org/node
17 verbose request no auth needed
18 info attempt registry request try #1 at 7:37:35 AM
19 verbose request id 169fdd3a99dca67f
20 http request GET https://registry.npmjs.org/node
21 http 200 https://registry.npmjs.org/node
22 silly get cb [ 200,
22 silly get   { date: 'Tue, 14 Aug 2018 11:37:37 GMT',
22 silly get     'content-type': 'application/json; charset=UTF-8',
22 silly get     'transfer-encoding': 'chunked',
22 silly get     connection: 'keep-alive',
22 silly get     'set-cookie': [ '__cfduid=d90e52451edfa8fc346a6892614cea0191534246657; expires=Wed, 14-Aug-19 11:37:37 GMT; path=/; domain=.registry.npmjs.org; HttpOnly' ],
22 silly get     'cache-control': 'max-age=300',
22 silly get     'cf-cache-status': 'HIT',
22 silly get     'cf-ray': '44a3216abd7021ce-EWR',
22 silly get     etag: 'W/"fcc440f0f9223908d781326929bc757f"',
22 silly get     'expect-ct': 'max-age=604800, report-uri="https://report-uri.cloudflare.com/cdn-cgi/beacon/expect-ct"',
22 silly get     'last-modified': 'Thu, 02 Aug 2018 03:42:35 GMT',
22 silly get     vary: 'accept-encoding, accept',
22 silly get     server: 'cloudflare',
22 silly get     'content-encoding': 'gzip' } ]
23 verbose get saving node to C:\Users\afbooza\AppData\Roaming\npm-cache\registry.npmjs.org\node\.cache.json
24 verbose getCacheStat cache creation not in flight; initializing
25 verbose makeCacheDir UID & GID are irrelevant on win32
26 silly addNameRange number 2 { name: 'node', range: '*', hasData: true }
27 silly addNameRange versions [ 'node',
27 silly addNameRange   [ '0.0.0',
27 silly addNameRange     '0.1.14',
27 silly addNameRange     '0.1.15',
27 silly addNameRange     '0.1.16',
27 silly addNameRange     '0.1.17',
27 silly addNameRange     '0.1.18',
27 silly addNameRange     '0.1.19',
27 silly addNameRange     '0.1.20',
27 silly addNameRange     '0.1.21',
27 silly addNameRange     '0.1.22',
27 silly addNameRange     '0.1.23',
27 silly addNameRange     '0.1.24',
27 silly addNameRange     '0.1.25',
27 silly addNameRange     '0.1.26',
27 silly addNameRange     '0.1.27',
27 silly addNameRange     '0.1.28',
27 silly addNameRange     '0.1.29',
27 silly addNameRange     '0.1.30',
27 silly addNameRange     '0.1.31',
27 silly addNameRange     '0.1.32',
27 silly addNameRange     '0.1.33',
27 silly addNameRange     '0.1.90',
27 silly addNameRange     '0.1.91',
27 silly addNameRange     '0.1.92',
27 silly addNameRange     '0.1.93',
27 silly addNameRange     '0.1.94',
27 silly addNameRange     '0.1.95',
27 silly addNameRange     '0.1.96',
27 silly addNameRange     '0.1.97',
27 silly addNameRange     '0.1.98',
27 silly addNameRange     '0.1.99',
27 silly addNameRange     '0.1.100',
27 silly addNameRange     '0.1.101',
27 silly addNameRange     '0.1.102',
27 silly addNameRange     '0.1.103',
27 silly addNameRange     '0.1.104',
27 silly addNameRange     '0.2.0',
27 silly addNameRange     '0.2.1',
27 silly addNameRange     '0.2.2',
27 silly addNameRange     '0.2.3',
27 silly addNameRange     '0.2.4',
27 silly addNameRange     '0.2.5',
27 silly addNameRange     '0.2.6',
27 silly addNameRange     '0.3.0',
27 silly addNameRange     '0.3.1',
27 silly addNameRange     '0.3.2',
27 silly addNameRange     '0.3.3',
27 silly addNameRange     '0.3.4',
27 silly addNameRange     '0.3.5',
27 silly addNameRange     '0.3.6',
27 silly addNameRange     '0.3.7',
27 silly addNameRange     '0.3.8',
27 silly addNameRange     '0.4.0',
27 silly addNameRange     '0.4.1',
27 silly addNameRange     '0.4.2',
27 silly addNameRange     '0.4.3',
27 silly addNameRange     '0.4.4',
27 silly addNameRange     '0.4.5',
27 silly addNameRange     '0.4.6',
27 silly addNameRange     '0.4.7',
27 silly addNameRange     '0.4.8',
27 silly addNameRange     '0.4.9',
27 silly addNameRange     '0.4.10',
27 silly addNameRange     '0.4.11',
27 silly addNameRange     '0.4.12',
27 silly addNameRange     '0.5.0',
27 silly addNameRange     '0.5.1',
27 silly addNameRange     '0.5.2',
27 silly addNameRange     '0.5.3',
27 silly addNameRange     '0.5.4',
27 silly addNameRange     '0.5.5',
27 silly addNameRange     '0.5.6',
27 silly addNameRange     '0.5.7',
27 silly addNameRange     '0.5.8',
27 silly addNameRange     '0.5.9',
27 silly addNameRange     '0.5.10',
27 silly addNameRange     '0.6.0',
27 silly addNameRange     '0.6.1',
27 silly addNameRange     '0.6.2',
27 silly addNameRange     '0.6.3',
27 silly addNameRange     '0.6.4',
27 silly addNameRange     '0.6.5',
27 silly addNameRange     '0.6.6',
27 silly addNameRange     '0.6.7',
27 silly addNameRange     '0.6.8',
27 silly addNameRange     '0.6.9',
27 silly addNameRange     '0.6.10',
27 silly addNameRange     '0.6.11',
27 silly addNameRange     '0.6.12',
27 silly addNameRange     '0.6.13',
27 silly addNameRange     '0.6.14',
27 silly addNameRange     '0.6.15',
27 silly addNameRange     '0.6.16',
27 silly addNameRange     '0.6.17',
27 silly addNameRange     '0.6.18',
27 silly addNameRange     '0.6.19',
27 silly addNameRange     '0.6.20',
27 silly addNameRange     '0.6.21',
27 silly addNameRange     '0.7.0',
27 silly addNameRange     '0.7.1',
27 silly addNameRange     '0.7.2',
27 silly addNameRange     '0.7.3',
27 silly addNameRange     '0.7.4',
27 silly addNameRange     '0.7.5',
27 silly addNameRange     '0.7.6',
27 silly addNameRange     '0.7.7',
27 silly addNameRange     '0.7.8',
27 silly addNameRange     '0.7.9',
27 silly addNameRange     '0.7.10',
27 silly addNameRange     '0.7.11',
27 silly addNameRange     '0.7.12',
27 silly addNameRange     '0.8.0',
27 silly addNameRange     '0.8.1',
27 silly addNameRange     '0.8.2',
27 silly addNameRange     '0.8.3',
27 silly addNameRange     '0.8.4',
27 silly addNameRange     '0.8.5',
27 silly addNameRange     '0.8.6',
27 silly addNameRange     '0.8.7',
27 silly addNameRange     '0.8.8',
27 silly addNameRange     '0.8.9',
27 silly addNameRange     '0.8.10',
27 silly addNameRange     '0.8.11',
27 silly addNameRange     '0.8.12',
27 silly addNameRange     '0.8.13',
27 silly addNameRange     '0.8.14',
27 silly addNameRange     '0.8.15',
27 silly addNameRange     '0.8.16',
27 silly addNameRange     '0.8.17',
27 silly addNameRange     '0.8.18',
27 silly addNameRange     '0.8.19',
27 silly addNameRange     '0.8.20',
27 silly addNameRange     '0.8.21',
27 silly addNameRange     '0.8.22',
27 silly addNameRange     '0.8.23',
27 silly addNameRange     '0.8.24',
27 silly addNameRange     '0.8.25',
27 silly addNameRange     '0.8.26',
27 silly addNameRange     '0.8.27',
27 silly addNameRange     '0.8.28',
27 silly addNameRange     '0.9.0',
27 silly addNameRange     '0.9.1',
27 silly addNameRange     '0.9.2',
27 silly addNameRange     '0.9.3',
27 silly addNameRange     '0.9.4',
27 silly addNameRange     '0.9.5',
27 silly addNameRange     '0.9.6',
27 silly addNameRange     '0.9.7',
27 silly addNameRange     '0.9.8',
27 silly addNameRange     '0.9.9',
27 silly addNameRange     '0.9.10',
27 silly addNameRange     '0.9.11',
27 silly addNameRange     '0.9.12',
27 silly addNameRange     '0.10.0',
27 silly addNameRange     '0.10.1',
27 silly addNameRange     '0.10.2',
27 silly addNameRange     '0.10.3',
27 silly addNameRange     '0.10.4',
27 silly addNameRange     '0.10.5',
27 silly addNameRange     '0.10.6',
27 silly addNameRange     '0.10.7',
27 silly addNameRange     '0.10.8',
27 silly addNameRange     '0.10.9',
27 silly addNameRange     '0.10.10',
27 silly addNameRange     '0.10.11',
27 silly addNameRange     '0.10.12',
27 silly addNameRange     '0.10.13',
27 silly addNameRange     '0.10.14',
27 silly addNameRange     '0.10.15',
27 silly addNameRange     '0.10.16',
27 silly addNameRange     '0.10.17',
27 silly addNameRange     '0.10.18',
27 silly addNameRange     '0.10.19',
27 silly addNameRange     '0.10.20',
27 silly addNameRange     '0.10.21',
27 silly addNameRange     '0.10.22',
27 silly addNameRange     '0.10.23',
27 silly addNameRange     '0.10.24',
27 silly addNameRange     '0.10.25',
27 silly addNameRange     '0.10.26',
27 silly addNameRange     '0.10.27',
27 silly addNameRange     '0.10.28',
27 silly addNameRange     '0.10.29',
27 silly addNameRange     '0.10.30',
27 silly addNameRange     '0.10.31',
27 silly addNameRange     '0.10.32',
27 silly addNameRange     '0.10.33',
27 silly addNameRange     '0.10.34',
27 silly addNameRange     '0.10.35',
27 silly addNameRange     '0.10.36',
27 silly addNameRange     '0.10.37',
27 silly addNameRange     '0.10.38',
27 silly addNameRange     '0.10.39',
27 silly addNameRange     '0.10.40',
27 silly addNameRange     '0.10.41',
27 silly addNameRange     '0.10.42',
27 silly addNameRange     '0.10.43',
27 silly addNameRange     '0.10.44',
27 silly addNameRange     '0.10.45',
27 silly addNameRange     '0.10.46',
27 silly addNameRange     '0.10.47',
27 silly addNameRange     '0.10.48',
27 silly addNameRange     '0.11.0',
27 silly addNameRange     '0.11.1',
27 silly addNameRange     '0.11.2',
27 silly addNameRange     '0.11.3',
27 silly addNameRange     '0.11.4',
27 silly addNameRange     '0.11.5',
27 silly addNameRange     '0.11.6',
27 silly addNameRange     '0.11.7',
27 silly addNameRange     '0.11.8',
27 silly addNameRange     '0.11.9',
27 silly addNameRange     '0.11.10',
27 silly addNameRange     '0.11.11',
27 silly addNameRange     '0.11.12',
27 silly addNameRange     '0.11.13',
27 silly addNameRange     '0.11.14',
27 silly addNameRange     '0.11.15',
27 silly addNameRange     '0.11.16',
27 silly addNameRange     '0.12.0',
27 silly addNameRange     '0.12.1',
27 silly addNameRange     '0.12.2',
27 silly addNameRange     '0.12.3',
27 silly addNameRange     '0.12.4',
27 silly addNameRange     '0.12.5',
27 silly addNameRange     '0.12.6',
27 silly addNameRange     '0.12.7',
27 silly addNameRange     '0.12.8',
27 silly addNameRange     '0.12.9',
27 silly addNameRange     '0.12.10',
27 silly addNameRange     '0.12.11',
27 silly addNameRange     '0.12.12',
27 silly addNameRange     '0.12.13',
27 silly addNameRange     '0.12.14',
27 silly addNameRange     '0.12.15',
27 silly addNameRange     '0.12.16',
27 silly addNameRange     '0.12.17',
27 silly addNameRange     '0.12.18',
27 silly addNameRange     '4.0.0',
27 silly addNameRange     '4.1.0',
27 silly addNameRange     '4.1.1',
27 silly addNameRange     '4.1.2',
27 silly addNameRange     '4.2.0',
27 silly addNameRange     '4.2.1',
27 silly addNameRange     '4.2.2',
27 silly addNameRange     '4.2.3',
27 silly addNameRange     '4.2.4',
27 silly addNameRange     '4.2.5',
27 silly addNameRange     '4.2.6',
27 silly addNameRange     '4.3.0',
27 silly addNameRange     '4.3.1',
27 silly addNameRange     '4.3.2',
27 silly addNameRange     '4.4.0',
27 silly addNameRange     '4.4.1',
27 silly addNameRange     '4.4.2',
27 silly addNameRange     '4.4.3',
27 silly addNameRange     '4.4.4',
27 silly addNameRange     '4.4.5',
27 silly addNameRange     '4.4.6',
27 silly addNameRange     '4.4.7',
27 silly addNameRange     '4.5.0',
27 silly addNameRange     '4.6.0',
27 silly addNameRange     '4.6.1',
27 silly addNameRange     '4.6.2',
27 silly addNameRange     '4.7.0',
27 silly addNameRange     '4.7.1',
27 silly addNameRange     '4.7.2',
27 silly addNameRange     '4.7.3',
27 silly addNameRange     '4.8.0',
27 silly addNameRange     '4.8.1',
27 silly addNameRange     '4.8.2',
27 silly addNameRange     '4.8.3',
27 silly addNameRange     '4.8.4',
27 silly addNameRange     '5.0.0',
27 silly addNameRange     '5.1.0',
27 silly addNameRange     '5.1.1',
27 silly addNameRange     '5.2.0',
27 silly addNameRange     '5.3.0',
27 silly addNameRange     '5.4.0',
27 silly addNameRange     '5.4.1',
27 silly addNameRange     '5.5.0',
27 silly addNameRange     '5.6.0',
27 silly addNameRange     '5.7.0',
27 silly addNameRange     '5.7.1',
27 silly addNameRange     '5.8.0',
27 silly addNameRange     '5.9.0',
27 silly addNameRange     '5.9.1',
27 silly addNameRange     '5.10.0',
27 silly addNameRange     '5.10.1',
27 silly addNameRange     '5.11.0',
27 silly addNameRange     '5.11.1',
27 silly addNameRange     '5.12.0',
27 silly addNameRange     '6.0.0',
27 silly addNameRange     '6.1.0',
27 silly addNameRange     '6.2.0',
27 silly addNameRange     '6.2.1',
27 silly addNameRange     '6.2.2',
27 silly addNameRange     '6.3.0',
27 silly addNameRange     '6.3.1',
27 silly addNameRange     '6.4.0',
27 silly addNameRange     '6.5.0',
27 silly addNameRange     '6.6.0',
27 silly addNameRange     '6.7.0',
27 silly addNameRange     '6.8.0',
27 silly addNameRange     '6.8.1',
27 silly addNameRange     '6.9.0',
27 silly addNameRange     '6.9.1',
27 silly addNameRange     '6.9.2',
27 silly addNameRange     '6.9.3',
27 silly addNameRange     '6.9.4',
27 silly addNameRange     '6.9.5',
27 silly addNameRange     '6.10.0',
27 silly addNameRange     '6.10.1',
27 silly addNameRange     '6.10.2',
27 silly addNameRange     '6.10.3',
27 silly addNameRange     '6.11.0',
27 silly addNameRange     '6.11.1',
27 silly addNameRange     '7.0.0',
27 silly addNameRange     '7.1.0',
27 silly addNameRange     '7.2.0',
27 silly addNameRange     '7.2.1',
27 silly addNameRange     '7.3.0',
27 silly addNameRange     '7.4.0',
27 silly addNameRange     '7.5.0',
27 silly addNameRange     '7.6.0',
27 silly addNameRange     '7.7.0',
27 silly addNameRange     '7.7.1',
27 silly addNameRange     '7.7.2',
27 silly addNameRange     '7.7.3',
27 silly addNameRange     '7.7.4',
27 silly addNameRange     '7.8.0',
27 silly addNameRange     '7.9.0',
27 silly addNameRange     '7.10.0',
27 silly addNameRange     '7.10.1',
27 silly addNameRange     '8.0.0',
27 silly addNameRange     '8.1.0',
27 silly addNameRange     '8.1.1',
27 silly addNameRange     '8.1.2',
27 silly addNameRange     '8.1.3',
27 silly addNameRange     '8.1.4',
27 silly addNameRange     '8.2.0',
27 silly addNameRange     '8.2.1',
27 silly addNameRange     '8.3.0',
27 silly addNameRange     '8.4.0',
27 silly addNameRange     '8.5.0',
27 silly addNameRange     '8.6.0',
27 silly addNameRange     '8.7.0',
27 silly addNameRange     '8.8.0',
27 silly addNameRange     '8.8.1',
27 silly addNameRange     '8.9.0',
27 silly addNameRange     '9.0.0',
27 silly addNameRange     '4.8.6',
27 silly addNameRange     '6.12.0',
27 silly addNameRange     '9.1.0',
27 silly addNameRange     '9.2.0',
27 silly addNameRange     '8.9.1',
27 silly addNameRange     '6.12.1',
27 silly addNameRange     '8.9.2',
27 silly addNameRange     '4.8.7',
27 silly addNameRange     '6.12.2',
27 silly addNameRange     '9.3.0',
27 silly addNameRange     '8.9.4',
27 silly addNameRange     '6.12.3',
27 silly addNameRange     '9.4.0',
27 silly addNameRange     '9.5.0',
27 silly addNameRange     '6.13.0',
27 silly addNameRange     '9.7.0',
27 silly addNameRange     '9.6.0',
27 silly addNameRange     '9.6.1',
27 silly addNameRange     '8.10.0',
27 silly addNameRange     '9.8.0',
27 silly addNameRange     '9.9.0',
27 silly addNameRange     '8.11.0',
27 silly addNameRange     '6.14.0',
27 silly addNameRange     '4.9.0',
27 silly addNameRange     '9.10.0',
27 silly addNameRange     '8.11.1',
27 silly addNameRange     '4.9.1',
27 silly addNameRange     '6.14.1',
27 silly addNameRange     '9.10.1',
27 silly addNameRange     '9.11.0',
27 silly addNameRange     '10.0.0',
27 silly addNameRange     '6.14.2',
27 silly addNameRange     '6.11.5',
27 silly addNameRange     '8.11.2',
27 silly addNameRange     '10.1.0',
27 silly addNameRange     '10.2.0',
27 silly addNameRange     '10.3.0',
27 silly addNameRange     '10.4.0',
27 silly addNameRange     '8.11.3',
27 silly addNameRange     '6.14.3',
27 silly addNameRange     '9.11.2',
27 silly addNameRange     '10.4.1',
27 silly addNameRange     '10.5.0',
27 silly addNameRange     '10.6.0',
27 silly addNameRange     '10.7.0',
27 silly addNameRange     '10.8.0' ] ]
28 verbose addNamed node@10.8.0
29 silly addNamed semver.valid 10.8.0
30 silly addNamed semver.validRange 10.8.0
31 silly mapToRegistry name node
32 silly mapToRegistry using default registry
33 silly mapToRegistry registry https://registry.npmjs.org/
34 silly mapToRegistry uri https://registry.npmjs.org/node
35 verbose addRemoteTarball https://registry.npmjs.org/node/-/node-10.8.0.tgz not in flight; adding
36 verbose addRemoteTarball [ 'https://registry.npmjs.org/node/-/node-10.8.0.tgz',
36 verbose addRemoteTarball   '493a6bba247bedbdd8143b988cb80044f94d1f79' ]
37 info retry fetch attempt 1 at 7:37:35 AM
38 info attempt registry request try #1 at 7:37:35 AM
39 http fetch GET https://registry.npmjs.org/node/-/node-10.8.0.tgz
40 http fetch 200 https://registry.npmjs.org/node/-/node-10.8.0.tgz
41 silly fetchAndShaCheck shasum 493a6bba247bedbdd8143b988cb80044f94d1f79
42 verbose addTmpTarball C:\Users\afbooza\AppData\Local\Temp\npm-12604-88926349\registry.npmjs.org\node\-\node-10.8.0.tgz not in flight; adding
43 verbose addTmpTarball already have metadata; skipping unpack for node@10.8.0
44 silly cache afterAdd node@10.8.0
45 verbose afterAdd C:\Users\afbooza\AppData\Roaming\npm-cache\node\10.8.0\package\package.json not in flight; writing
46 verbose afterAdd C:\Users\afbooza\AppData\Roaming\npm-cache\node\10.8.0\package\package.json written
47 silly install resolved [ { name: 'node',
47 silly install resolved     version: '10.8.0',
47 silly install resolved     description: 'node',
47 silly install resolved     main: 'index.js',
47 silly install resolved     keywords: [ 'runtime' ],
47 silly install resolved     repository:
47 silly install resolved      { type: 'git',
47 silly install resolved        url: 'git+https://github.com/aredridel/node-bin-gen.git' },
47 silly install resolved     scripts: { preinstall: 'node installArchSpecificPackage' },
47 silly install resolved     bin: { node: 'bin/node' },
47 silly install resolved     dependencies: { 'node-bin-setup': '^1.0.0' },
47 silly install resolved     license: 'ISC',
47 silly install resolved     author: '',
47 silly install resolved     engines: { npm: '>=5.0.0' },
47 silly install resolved     bugs: { url: 'https://github.com/aredridel/node-bin-gen/issues' },
47 silly install resolved     homepage: 'https://github.com/aredridel/node-bin-gen#readme',
47 silly install resolved     _id: 'node@10.8.0',
47 silly install resolved     _npmVersion: '6.3.0',
47 silly install resolved     _nodeVersion: '10.7.0',
47 silly install resolved     _npmUser: { name: 'aredridel', email: 'aredridel@dinhe.net' },
47 silly install resolved     dist:
47 silly install resolved      { integrity: 'sha512-4uoZXeQgkIfGg88Tv0MxSV60n8GoIvkqoDUNfN1IqUStSaXOlqKTfkPDL06mbZhMSV++55Q8ze9JgMC3RF97OA==',
47 silly install resolved        shasum: '493a6bba247bedbdd8143b988cb80044f94d1f79',
47 silly install resolved        tarball: 'https://registry.npmjs.org/node/-/node-10.8.0.tgz',
47 silly install resolved        fileCount: 3,
47 silly install resolved        unpackedSize: 1475,
47 silly install resolved        'npm-signature': '-----BEGIN PGP SIGNATURE-----\r\nVersion: OpenPGP.js v3.0.4\r\nComment: https://openpgpjs.org\r\n\r\nwsFcBAEBCAAQBQJbYn2jCRA9TVsSAnZWagAAd+0P/1gOb/WGO1srMbNN1aIh\nzEubwOC1NhMM/TgVnLE3Am9KsHydAB1k5KchNkbZW2p7K9VRuvRdrzK9hWKl\nKl6di8R0dROITL1fKsP2v7ZKziU1Jfp9LGaLrrGe7VKeV7XabTWd0jt4EolS\nRZhF3yJO3aFL/gs2UQlRSv2m+/B/HeQH2VcjeZFXGJWlf4a3z6mvYsUIblMR\ntCXYmLKcZLW3wK+04+m/2Ri2pZBOtrjtkvTzSI0FKObBM4GDt3TVV/YPILr1\nsESayCIDRD1hPI4AznZtyTs/qDHEq8BA/bY6S7za68jm4taHKTQcthMBTZui\nqKkGBRQ0dIkfyYb60V6YodsewqK9EiPCoY4iyRbqvpb9aBX8Q4AqhsKo5Xah\n0HHGPAPZQ80SKNzaKMJv0koK2v/5t5Dbn8HLh4VayEXvM7h4n/qUFggBQBNl\nZTGr/KdjMvU0OjTRnMLruMS7SvPn8uAgOn6tZyIp3uk/UO7ivriR38aWkuXb\nwAqavr29C8+hrtWaztAlHLQOecwqFdCR9NijOz8n+rj45QdbUjkG4xRnvwze\n29PXK39bVl9DdpfHgrZUnnrRSHlXJhAf85VosUziYeKT9dalFZj1+lTAZ3qM\nsgcp/tr6th2rJf0wVIarVPfke55ZDqVcEfgWrQ5U79KZSDLKElSXbNDRqT0l\n74gb\r\n=uign\r\n-----END PGP SIGNATURE-----\r\n' },
47 silly install resolved     maintainers: [ [Object], [Object] ],
47 silly install resolved     directories: {},
47 silly install resolved     _npmOperationalInternal:
47 silly install resolved      { host: 's3://npm-registry-packages',
47 silly install resolved        tmp: 'tmp/node_10.8.0_1533181347113_0.9525459019472731' },
47 silly install resolved     _shasum: '493a6bba247bedbdd8143b988cb80044f94d1f79',
47 silly install resolved     _resolved: 'https://registry.npmjs.org/node/-/node-10.8.0.tgz',
47 silly install resolved     _from: 'node@*' } ]
48 info install node@10.8.0 into E:\Users\afbooza\Documents\gitstuff\afbooza.github.io
49 info installOne node@10.8.0
50 verbose installOne of node to E:\Users\afbooza\Documents\gitstuff\afbooza.github.io not in flight; installing
51 verbose lock using C:\Users\afbooza\AppData\Roaming\npm-cache\_locks\node-dc44ca92fd88dc4f.lock for E:\Users\afbooza\Documents\gitstuff\afbooza.github.io\node_modules\node
52 warn engine node@10.8.0: wanted: {"npm":">=5.0.0"} (current: {"node":"0.12.2","npm":"2.7.4"})
53 silly install write writing node 10.8.0 to E:\Users\afbooza\Documents\gitstuff\afbooza.github.io\node_modules\node
54 silly cache addNamed cb node@10.8.0
55 verbose unbuild node_modules\node
56 silly gentlyRm E:\Users\afbooza\Documents\gitstuff\afbooza.github.io\node_modules\node is being purged from base E:\Users\afbooza\Documents\gitstuff\afbooza.github.io
57 verbose gentlyRm don't care about contents; nuking E:\Users\afbooza\Documents\gitstuff\afbooza.github.io\node_modules\node
58 verbose tar unpack C:\Users\afbooza\AppData\Roaming\npm-cache\node\10.8.0\package.tgz
59 verbose tar unpacking to E:\Users\afbooza\Documents\gitstuff\afbooza.github.io\node_modules\node
60 silly gentlyRm E:\Users\afbooza\Documents\gitstuff\afbooza.github.io\node_modules\node is being purged
61 verbose gentlyRm don't care about contents; nuking E:\Users\afbooza\Documents\gitstuff\afbooza.github.io\node_modules\node
62 silly gunzTarPerm modes [ '777', '666' ]
63 silly gunzTarPerm extractEntry package.json
64 silly gunzTarPerm modified mode [ 'package.json', 420, 438 ]
65 silly gunzTarPerm extractEntry installArchSpecificPackage.js
66 silly gunzTarPerm modified mode [ 'installArchSpecificPackage.js', 420, 438 ]
67 silly gunzTarPerm extractEntry README.md
68 silly gunzTarPerm modified mode [ 'README.md', 420, 438 ]
69 info preinstall node@10.8.0
70 verbose unsafe-perm in lifecycle true
71 info node@10.8.0 Failed to exec preinstall script
72 verbose unlock done using C:\Users\afbooza\AppData\Roaming\npm-cache\_locks\node-dc44ca92fd88dc4f.lock for E:\Users\afbooza\Documents\gitstuff\afbooza.github.io\node_modules\node
73 verbose stack Error: node@10.8.0 preinstall: `node installArchSpecificPackage`
73 verbose stack Exit status 1
73 verbose stack     at EventEmitter.<anonymous> (C:\Users\afbooza\AppData\Roaming\nvm\v0.12.2\node_modules\npm\lib\utils\lifecycle.js:213:16)
73 verbose stack     at EventEmitter.emit (events.js:110:17)
73 verbose stack     at ChildProcess.<anonymous> (C:\Users\afbooza\AppData\Roaming\nvm\v0.12.2\node_modules\npm\lib\utils\spawn.js:14:12)
73 verbose stack     at ChildProcess.emit (events.js:110:17)
73 verbose stack     at maybeClose (child_process.js:1015:16)
73 verbose stack     at Process.ChildProcess._handle.onexit (child_process.js:1087:5)
74 verbose pkgid node@10.8.0
75 verbose cwd E:\Users\afbooza\Documents\gitstuff\afbooza.github.io
76 error Windows_NT 6.3.9600
77 error argv "C:\\Program Files\\nodejs\\node.exe" "C:\\Program Files\\nodejs\\node_modules\\npm\\bin\\npm-cli.js" "install" "node"
78 error node v0.12.2
79 error npm  v2.7.4
80 error code ELIFECYCLE
81 error node@10.8.0 preinstall: `node installArchSpecificPackage`
81 error Exit status 1
82 error Failed at the node@10.8.0 preinstall script 'node installArchSpecificPackage'.
82 error This is most likely a problem with the node package,
82 error not with npm itself.
82 error Tell the author that this fails on your system:
82 error     node installArchSpecificPackage
82 error You can get their info via:
82 error     npm owner ls node
82 error There is likely additional logging output above.
83 verbose exit [ 1, true ]
84 verbose unbuild node_modules\node
85 info preuninstall node@10.8.0
86 info uninstall node@10.8.0
87 verbose unbuild rmStuff node@10.8.0 from E:\Users\afbooza\Documents\gitstuff\afbooza.github.io\node_modules
88 silly gentlyRm E:\Users\afbooza\Documents\gitstuff\afbooza.github.io\node_modules\.bin\node.cmd is being gently removed
89 silly gentlyRm verifying E:\Users\afbooza\Documents\gitstuff\afbooza.github.io is an npm working directory
90 silly gentlyRm containing path E:\Users\afbooza\Documents\gitstuff\afbooza.github.io is under npm's control, in E:\Users\afbooza\Documents\gitstuff\afbooza.github.io
91 silly gentlyRm deletion target E:\Users\afbooza\Documents\gitstuff\afbooza.github.io\node_modules\.bin\node.cmd is under E:\Users\afbooza\Documents\gitstuff\afbooza.github.io
92 verbose gentlyRm vacuuming from E:\Users\afbooza\Documents\gitstuff\afbooza.github.io\node_modules\.bin\node.cmd up to E:\Users\afbooza\Documents\gitstuff\afbooza.github.io
93 silly gentlyRm E:\Users\afbooza\Documents\gitstuff\afbooza.github.io\node_modules\.bin\node is being gently removed
94 silly gentlyRm verifying E:\Users\afbooza\Documents\gitstuff\afbooza.github.io is an npm working directory
95 silly gentlyRm containing path E:\Users\afbooza\Documents\gitstuff\afbooza.github.io is under npm's control, in E:\Users\afbooza\Documents\gitstuff\afbooza.github.io
96 silly gentlyRm deletion target E:\Users\afbooza\Documents\gitstuff\afbooza.github.io\node_modules\.bin\node is under E:\Users\afbooza\Documents\gitstuff\afbooza.github.io
97 verbose gentlyRm vacuuming from E:\Users\afbooza\Documents\gitstuff\afbooza.github.io\node_modules\.bin\node up to E:\Users\afbooza\Documents\gitstuff\afbooza.github.io
98 info postuninstall node@10.8.0
99 silly gentlyRm E:\Users\afbooza\Documents\gitstuff\afbooza.github.io\node_modules\node is being purged from base E:\Users\afbooza\Documents\gitstuff\afbooza.github.io
100 verbose gentlyRm don't care about contents; nuking E:\Users\afbooza\Documents\gitstuff\afbooza.github.io\node_modules\node
101 silly vacuum-fs purging E:\Users\afbooza\Documents\gitstuff\afbooza.github.io\node_modules\node
102 silly vacuum-fs removing E:\Users\afbooza\Documents\gitstuff\afbooza.github.io\node_modules
103 silly vacuum-fs finished vacuuming up to E:\Users\afbooza\Documents\gitstuff\afbooza.github.io
